Started GET "/" for 127.0.0.1 at 2021-01-22 02:02:37 +0530
  [1m[35m (18.9ms)[0m  [1m[34mSELECT sqlite_version(*)[0m
Processing by Rails::WelcomeController#index as HTML
  Rendering /home/decay/.rvm/gems/ruby-2.6.3/gems/railties-6.1.1/lib/rails/templates/rails/welcome/index.html.erb
  Rendered /home/decay/.rvm/gems/ruby-2.6.3/gems/railties-6.1.1/lib/rails/templates/rails/welcome/index.html.erb (Duration: 24.6ms | Allocations: 517)
Completed 200 OK in 230ms (Views: 134.4ms | ActiveRecord: 0.0ms | Allocations: 4303)


Started GET "/todos" for 127.0.0.1 at 2021-01-22 02:11:19 +0530
  [1m[35m (1.4ms)[0m  [1m[34mSELECT sqlite_version(*)[0m
  
ActionController::RoutingError (uninitialized constant TodosController):
  
Started PUT "/__web_console/repl_sessions/e3e0039b294aef1adf98e85991adfeff" for 127.0.0.1 at 2021-01-22 02:11:35 +0530
Started PUT "/__web_console/repl_sessions/e3e0039b294aef1adf98e85991adfeff" for 127.0.0.1 at 2021-01-22 02:11:36 +0530
Started PUT "/__web_console/repl_sessions/e3e0039b294aef1adf98e85991adfeff" for 127.0.0.1 at 2021-01-22 02:11:40 +0530
Started GET "/todos" for 127.0.0.1 at 2021-01-22 02:14:59 +0530
  
ActionController::RoutingError (uninitialized constant TodosController
Did you mean?  TodoController):
  
Started GET "/todos" for 127.0.0.1 at 2021-01-22 02:15:02 +0530
  
ActionController::RoutingError (uninitialized constant TodosController
Did you mean?  TodoController):
  
Started GET "/todos" for 127.0.0.1 at 2021-01-22 02:15:43 +0530
Processing by TodosController#index as HTML
  Rendering text template
  Rendered text template (Duration: 0.1ms | Allocations: 26)
Completed 200 OK in 59ms (Views: 16.5ms | Allocations: 1537)


  [1m[36mTodo Load (8.0ms)[0m  [1m[34mSELECT "todos".* FROM "todos" /* loading for inspect */ LIMIT $1[0m  [["LIMIT", 11]]
Started GET "/" for 127.0.0.1 at 2021-01-22 23:16:08 +0530
Processing by Rails::WelcomeController#index as HTML
  Rendering /home/decay/.rvm/gems/ruby-2.6.3/gems/railties-6.1.1/lib/rails/templates/rails/welcome/index.html.erb
  Rendered /home/decay/.rvm/gems/ruby-2.6.3/gems/railties-6.1.1/lib/rails/templates/rails/welcome/index.html.erb (Duration: 35.9ms | Allocations: 355)
Completed 200 OK in 159ms (Views: 53.2ms | ActiveRecord: 0.0ms | Allocations: 2625)


Started GET "/todos" for 127.0.0.1 at 2021-01-22 23:16:14 +0530
Processing by TodosController#index as HTML
Completed 500 Internal Server Error in 103ms (ActiveRecord: 0.0ms | Allocations: 1896)


  
ArgumentError (The method .order() must contain arguments.):
  
app/controllers/todos_controller.rb:3:in `index'
Started GET "/todos" for 127.0.0.1 at 2021-01-22 23:16:35 +0530
Processing by TodosController#index as HTML
  [1m[36mTodo Load (1.5ms)[0m  [1m[34mSELECT "todos".* FROM "todos" ORDER BY "todos"."due_date" ASC[0m
  ↳ app/controllers/todos_controller.rb:4:in `map'
Completed 500 Internal Server Error in 73ms (ActiveRecord: 31.0ms | Allocations: 4607)


  
TypeError (no implicit conversion of Symbol into Integer):
  
app/models/todo.rb:4:in `[]'
app/models/todo.rb:4:in `to_pleasant_string'
app/controllers/todos_controller.rb:4:in `map'
app/controllers/todos_controller.rb:4:in `index'
Started GET "/todos" for 127.0.0.1 at 2021-01-22 23:17:33 +0530
Processing by TodosController#index as HTML
  [1m[36mTodo Load (0.5ms)[0m  [1m[34mSELECT "todos".* FROM "todos" ORDER BY "todos"."due_date" ASC[0m
  ↳ app/controllers/todos_controller.rb:4:in `map'
  Rendering text template
  Rendered text template (Duration: 0.2ms | Allocations: 25)
Completed 200 OK in 39ms (Views: 21.6ms | ActiveRecord: 6.5ms | Allocations: 3576)


Started GET "/todos/2" for 127.0.0.1 at 2021-01-22 23:20:56 +0530
  
SyntaxError (/home/decay/Workspace/ComputerScience/CoronaSafe/todo_manager/config/routes.rb:3: syntax error, unexpected tIDENTIFIER, expecting end
  get "todos/[:id]" to: "todos#show"
                    ^~):
  
config/routes.rb:3: syntax error, unexpected tIDENTIFIER, expecting end
config/routes.rb:3: syntax error, unexpected tIDENTIFIER, expecting end
config/routes.rb:3: syntax error, unexpected tIDENTIFIER, expecting end
Started GET "/todos/2" for 127.0.0.1 at 2021-01-22 23:22:01 +0530
  
ActionController::RoutingError (No route matches [GET] "/todos/2"):
  
Started GET "/todos/2" for 127.0.0.1 at 2021-01-22 23:23:49 +0530
  
SyntaxError (/home/decay/Workspace/ComputerScience/CoronaSafe/todo_manager/app/controllers/todos_controller.rb:12: syntax error, unexpected ':', expecting then or ';' or '\n'
      if(todo):
              ^
/home/decay/Workspace/ComputerScience/CoronaSafe/todo_manager/app/controllers/todos_controller.rb:14: else without rescue is useless
      else
      ^~~~
/home/decay/Workspace/ComputerScience/CoronaSafe/todo_manager/app/controllers/todos_controller.rb:18: syntax error, unexpected end, expecting end-of-input):
  
app/controllers/todos_controller.rb:12: syntax error, unexpected ':', expecting then or ';' or '\n'
app/controllers/todos_controller.rb:14: else without rescue is useless
app/controllers/todos_controller.rb:18: syntax error, unexpected end, expecting end-of-input
app/controllers/todos_controller.rb:12: syntax error, unexpected ':', expecting then or ';' or '\n'
app/controllers/todos_controller.rb:14: else without rescue is useless
app/controllers/todos_controller.rb:18: syntax error, unexpected end, expecting end-of-input
app/controllers/todos_controller.rb:12: syntax error, unexpected ':', expecting then or ';' or '\n'
app/controllers/todos_controller.rb:14: else without rescue is useless
app/controllers/todos_controller.rb:18: syntax error, unexpected end, expecting end-of-input
Started GET "/todos/2" for 127.0.0.1 at 2021-01-22 23:24:16 +0530
Processing by TodosController#show as HTML
  Parameters: {"id"=>"2"}
  [1m[36mTodo Load (48.1ms)[0m  [1m[34mSELECT "todos".* FROM "todos" WHERE (2) LIMIT $1[0m  [["LIMIT", 1]]
  ↳ app/controllers/todos_controller.rb:11:in `show'
Completed 500 Internal Server Error in 359ms (ActiveRecord: 48.1ms | Allocations: 4058)


  
ActiveRecord::StatementInvalid (PG::DatatypeMismatch: ERROR:  argument of WHERE must be type boolean, not type integer
LINE 1: SELECT "todos".* FROM "todos" WHERE (2) LIMIT $1
                                             ^
):
  
app/controllers/todos_controller.rb:11:in `show'
Started GET "/todos/2" for 127.0.0.1 at 2021-01-22 23:24:50 +0530
Processing by TodosController#show as HTML
  Parameters: {"id"=>"2"}
  [1m[36mTodo Load (8.6ms)[0m  [1m[34mSELECT "todos".* FROM "todos" WHERE "todos"."id" = $1 LIMIT $2[0m  [["id", 2], ["LIMIT", 1]]
  ↳ app/controllers/todos_controller.rb:11:in `show'
  Rendering text template
  Rendered text template (Duration: 0.2ms | Allocations: 26)
Completed 200 OK in 145ms (Views: 18.7ms | ActiveRecord: 61.2ms | Allocations: 2805)


Started GET "/todos" for 127.0.0.1 at 2021-01-22 23:24:54 +0530
Processing by TodosController#index as HTML
  [1m[36mTodo Load (0.6ms)[0m  [1m[34mSELECT "todos".* FROM "todos" ORDER BY "todos"."due_date" ASC[0m
  ↳ app/controllers/todos_controller.rb:5:in `map'
  Rendering text template
  Rendered text template (Duration: 0.2ms | Allocations: 26)
Completed 200 OK in 18ms (Views: 1.9ms | ActiveRecord: 4.1ms | Allocations: 3005)


Started GET "/todos/6" for 127.0.0.1 at 2021-01-22 23:25:03 +0530
Processing by TodosController#show as HTML
  Parameters: {"id"=>"6"}
  [1m[36mTodo Load (0.4ms)[0m  [1m[34mSELECT "todos".* FROM "todos" WHERE "todos"."id" = $1 LIMIT $2[0m  [["id", 6], ["LIMIT", 1]]
  ↳ app/controllers/todos_controller.rb:11:in `show'
  Rendering text template
  Rendered text template (Duration: 0.1ms | Allocations: 25)
Completed 200 OK in 5ms (Views: 0.6ms | ActiveRecord: 0.4ms | Allocations: 859)


Started GET "/todos/6" for 127.0.0.1 at 2021-01-22 23:26:27 +0530
Processing by TodosController#show as HTML
  Parameters: {"id"=>"6"}
  [1m[36mTodo Load (1.0ms)[0m  [1m[34mSELECT "todos".* FROM "todos" WHERE "todos"."id" = $1 LIMIT $2[0m  [["id", 6], ["LIMIT", 1]]
  ↳ app/controllers/todos_controller.rb:11:in `show'
  Rendering text template
  Rendered text template (Duration: 0.1ms | Allocations: 25)
Completed 200 OK in 56ms (Views: 1.0ms | ActiveRecord: 29.3ms | Allocations: 3363)


Started GET "/todos/6" for 127.0.0.1 at 2021-01-22 23:26:28 +0530
Processing by TodosController#show as HTML
  Parameters: {"id"=>"6"}
  [1m[36mTodo Load (0.3ms)[0m  [1m[34mSELECT "todos".* FROM "todos" WHERE "todos"."id" = $1 LIMIT $2[0m  [["id", 6], ["LIMIT", 1]]
  ↳ app/controllers/todos_controller.rb:11:in `show'
  Rendering text template
  Rendered text template (Duration: 0.1ms | Allocations: 25)
Completed 200 OK in 4ms (Views: 0.5ms | ActiveRecord: 0.3ms | Allocations: 855)


Started GET "/todos" for 127.0.0.1 at 2021-01-22 23:26:30 +0530
Processing by TodosController#index as HTML
  [1m[36mTodo Load (0.7ms)[0m  [1m[34mSELECT "todos".* FROM "todos" ORDER BY "todos"."due_date" ASC[0m
  ↳ app/controllers/todos_controller.rb:5:in `map'
  Rendering text template
  Rendered text template (Duration: 0.1ms | Allocations: 25)
Completed 200 OK in 5ms (Views: 0.5ms | ActiveRecord: 0.7ms | Allocations: 977)


Started GET "/todos/3" for 127.0.0.1 at 2021-01-22 23:26:33 +0530
Processing by TodosController#show as HTML
  Parameters: {"id"=>"3"}
  [1m[36mTodo Load (0.5ms)[0m  [1m[34mSELECT "todos".* FROM "todos" WHERE "todos"."id" = $1 LIMIT $2[0m  [["id", 3], ["LIMIT", 1]]
  ↳ app/controllers/todos_controller.rb:11:in `show'
  Rendering text template
  Rendered text template (Duration: 0.2ms | Allocations: 25)
Completed 200 OK in 7ms (Views: 1.0ms | ActiveRecord: 0.5ms | Allocations: 854)


Started GET "/todos/10" for 127.0.0.1 at 2021-01-22 23:26:36 +0530
Processing by TodosController#show as HTML
  Parameters: {"id"=>"10"}
  [1m[36mTodo Load (0.7ms)[0m  [1m[34mSELECT "todos".* FROM "todos" WHERE "todos"."id" = $1 LIMIT $2[0m  [["id", 10], ["LIMIT", 1]]
  ↳ app/controllers/todos_controller.rb:11:in `show'
  Rendering text template
  Rendered text template (Duration: 0.1ms | Allocations: 25)
Completed 200 OK in 5ms (Views: 0.7ms | ActiveRecord: 0.7ms | Allocations: 832)


Started GET "/todos/6" for 127.0.0.1 at 2021-01-23 00:58:39 +0530
Processing by TodosController#show as HTML
  Parameters: {"id"=>"6"}
  [1m[36mTodo Load (1.1ms)[0m  [1m[34mSELECT "todos".* FROM "todos" WHERE "todos"."id" = $1 LIMIT $2[0m  [["id", 6], ["LIMIT", 1]]
  ↳ app/controllers/todos_controller.rb:11:in `show'
  Rendering text template
  Rendered text template (Duration: 0.1ms | Allocations: 25)
Completed 200 OK in 158ms (Views: 0.6ms | ActiveRecord: 39.4ms | Allocations: 2903)


Started POST "/todos?todo_text=From%20postman&due_date=2020-Jan-25" for 127.0.0.1 at 2021-01-23 02:00:08 +0530
  
ActionController::RoutingError (uninitialized constant TodoController
Did you mean?  TodosController):
  
Started POST "/todos?todo_text=From%20postman&due_date=2020-Jan-25" for 127.0.0.1 at 2021-01-23 02:01:06 +0530
  
SyntaxError (/home/decay/Workspace/ComputerScience/CoronaSafe/todo_manager/app/controllers/todos_controller.rb:23: syntax error, unexpected end-of-input, expecting end):
  
app/controllers/todos_controller.rb:23: syntax error, unexpected end-of-input, expecting end
app/controllers/todos_controller.rb:23: syntax error, unexpected end-of-input, expecting end
app/controllers/todos_controller.rb:23: syntax error, unexpected end-of-input, expecting end
Started POST "/todos?todo_text=From%20postman&due_date=2020-Jan-25" for 127.0.0.1 at 2021-01-23 02:01:23 +0530
Processing by TodosController#create as */*
  Parameters: {"todo_text"=>"From postman", "due_date"=>"2020-Jan-25"}
Can't verify CSRF token authenticity.
Completed 422 Unprocessable Entity in 1ms (ActiveRecord: 0.0ms | Allocations: 461)


  
ActionController::InvalidAuthenticityToken (ActionController::InvalidAuthenticityToken):
  
actionpack (6.1.1) lib/action_controller/metal/request_forgery_protection.rb:211:in `handle_unverified_request'
actionpack (6.1.1) lib/action_controller/metal/request_forgery_protection.rb:243:in `handle_unverified_request'
actionpack (6.1.1) lib/action_controller/metal/request_forgery_protection.rb:238:in `verify_authenticity_token'
activesupport (6.1.1) lib/active_support/callbacks.rb:427:in `block in make_lambda'
activesupport (6.1.1) lib/active_support/callbacks.rb:198:in `block (2 levels) in halting'
actionpack (6.1.1) lib/abstract_controller/callbacks.rb:34:in `block (2 levels) in <module:Callbacks>'
activesupport (6.1.1) lib/active_support/callbacks.rb:199:in `block in halting'
activesupport (6.1.1) lib/active_support/callbacks.rb:512:in `block in invoke_before'
activesupport (6.1.1) lib/active_support/callbacks.rb:512:in `each'
activesupport (6.1.1) lib/active_support/callbacks.rb:512:in `invoke_before'
activesupport (6.1.1) lib/active_support/callbacks.rb:115:in `block in run_callbacks'
activesupport (6.1.1) lib/active_support/callbacks.rb:137:in `run_callbacks'
actionpack (6.1.1) lib/abstract_controller/callbacks.rb:41:in `process_action'
actionpack (6.1.1) lib/action_controller/metal/rescue.rb:22:in `process_action'
actionpack (6.1.1) lib/action_controller/metal/instrumentation.rb:34:in `block in process_action'
activesupport (6.1.1) lib/active_support/notifications.rb:203:in `block in instrument'
activesupport (6.1.1) lib/active_support/notifications/instrumenter.rb:24:in `instrument'
activesupport (6.1.1) lib/active_support/notifications.rb:203:in `instrument'
actionpack (6.1.1) lib/action_controller/metal/instrumentation.rb:33:in `process_action'
actionpack (6.1.1) lib/action_controller/metal/params_wrapper.rb:249:in `process_action'
activerecord (6.1.1) lib/active_record/railties/controller_runtime.rb:27:in `process_action'
actionpack (6.1.1) lib/abstract_controller/base.rb:165:in `process'
actionview (6.1.1) lib/action_view/rendering.rb:39:in `process'
actionpack (6.1.1) lib/action_controller/metal.rb:190:in `dispatch'
actionpack (6.1.1) lib/action_controller/metal.rb:254:in `dispatch'
actionpack (6.1.1) lib/action_dispatch/routing/route_set.rb:50:in `dispatch'
actionpack (6.1.1) lib/action_dispatch/routing/route_set.rb:33:in `serve'
actionpack (6.1.1) lib/action_dispatch/journey/router.rb:50:in `block in serve'
actionpack (6.1.1) lib/action_dispatch/journey/router.rb:32:in `each'
actionpack (6.1.1) lib/action_dispatch/journey/router.rb:32:in `serve'
actionpack (6.1.1) lib/action_dispatch/routing/route_set.rb:842:in `call'
rack (2.2.3) lib/rack/tempfile_reaper.rb:15:in `call'
rack (2.2.3) lib/rack/etag.rb:27:in `call'
rack (2.2.3) lib/rack/conditional_get.rb:40:in `call'
rack (2.2.3) lib/rack/head.rb:12:in `call'
actionpack (6.1.1) lib/action_dispatch/http/permissions_policy.rb:22:in `call'
actionpack (6.1.1) lib/action_dispatch/http/content_security_policy.rb:18:in `call'
rack (2.2.3) lib/rack/session/abstract/id.rb:266:in `context'
rack (2.2.3) lib/rack/session/abstract/id.rb:260:in `call'
actionpack (6.1.1) lib/action_dispatch/middleware/cookies.rb:689:in `call'
activerecord (6.1.1) lib/active_record/migration.rb:601:in `call'
actionpack (6.1.1) lib/action_dispatch/middleware/callbacks.rb:27:in `block in call'
activesupport (6.1.1) lib/active_support/callbacks.rb:98:in `run_callbacks'
actionpack (6.1.1) lib/action_dispatch/middleware/callbacks.rb:26:in `call'
actionpack (6.1.1) lib/action_dispatch/middleware/executor.rb:14:in `call'
actionpack (6.1.1) lib/action_dispatch/middleware/actionable_exceptions.rb:18:in `call'
actionpack (6.1.1) lib/action_dispatch/middleware/debug_exceptions.rb:29:in `call'
web-console (4.1.0) lib/web_console/middleware.rb:132:in `call_app'
web-console (4.1.0) lib/web_console/middleware.rb:28:in `block in call'
web-console (4.1.0) lib/web_console/middleware.rb:17:in `catch'
web-console (4.1.0) lib/web_console/middleware.rb:17:in `call'
actionpack (6.1.1) lib/action_dispatch/middleware/show_exceptions.rb:33:in `call'
railties (6.1.1) lib/rails/rack/logger.rb:37:in `call_app'
railties (6.1.1) lib/rails/rack/logger.rb:26:in `block in call'
activesupport (6.1.1) lib/active_support/tagged_logging.rb:99:in `block in tagged'
activesupport (6.1.1) lib/active_support/tagged_logging.rb:37:in `tagged'
activesupport (6.1.1) lib/active_support/tagged_logging.rb:99:in `tagged'
railties (6.1.1) lib/rails/rack/logger.rb:26:in `call'
sprockets-rails (3.2.2) lib/sprockets/rails/quiet_assets.rb:13:in `call'
actionpack (6.1.1) lib/action_dispatch/middleware/remote_ip.rb:81:in `call'
actionpack (6.1.1) lib/action_dispatch/middleware/request_id.rb:26:in `call'
rack (2.2.3) lib/rack/method_override.rb:24:in `call'
rack (2.2.3) lib/rack/runtime.rb:22:in `call'
activesupport (6.1.1) lib/active_support/cache/strategy/local_cache_middleware.rb:29:in `call'
actionpack (6.1.1) lib/action_dispatch/middleware/executor.rb:14:in `call'
actionpack (6.1.1) lib/action_dispatch/middleware/static.rb:24:in `call'
rack (2.2.3) lib/rack/sendfile.rb:110:in `call'
actionpack (6.1.1) lib/action_dispatch/middleware/host_authorization.rb:98:in `call'
rack-mini-profiler (2.3.0) lib/mini_profiler/profiler.rb:373:in `call'
webpacker (5.2.1) lib/webpacker/dev_server_proxy.rb:25:in `perform_request'
rack-proxy (0.6.5) lib/rack/proxy.rb:57:in `call'
railties (6.1.1) lib/rails/engine.rb:539:in `call'
puma (5.1.1) lib/puma/configuration.rb:246:in `call'
puma (5.1.1) lib/puma/request.rb:76:in `block in handle_request'
puma (5.1.1) lib/puma/thread_pool.rb:337:in `with_force_shutdown'
puma (5.1.1) lib/puma/request.rb:75:in `handle_request'
puma (5.1.1) lib/puma/server.rb:431:in `process_client'
puma (5.1.1) lib/puma/thread_pool.rb:145:in `block in spawn_thread'
Started POST "/todos?todo_text=From%20postman&due_date=2020-Jan-25" for 127.0.0.1 at 2021-01-23 02:02:34 +0530
Processing by TodosController#create as */*
  Parameters: {"todo_text"=>"From postman", "due_date"=>"2020-Jan-25"}
  [1m[36mTRANSACTION (2.0ms)[0m  [1m[35mBEGIN[0m
  ↳ app/controllers/todos_controller.rb:17:in `create'
  [1m[36mTodo Create (211.8ms)[0m  [1m[32mINSERT INTO "todos" ("todo_text", "due_date", "completed") VALUES ($1, $2, $3) RETURNING "id"[0m  [["todo_text", "From postman"], ["due_date", "2020-01-25"], ["completed", false]]
  ↳ app/controllers/todos_controller.rb:17:in `create'
  [1m[36mTRANSACTION (221.0ms)[0m  [1m[35mCOMMIT[0m
  ↳ app/controllers/todos_controller.rb:17:in `create'
  Rendering text template
  Rendered text template (Duration: 0.3ms | Allocations: 25)
Completed 200 OK in 1003ms (Views: 25.1ms | ActiveRecord: 729.7ms | Allocations: 8003)


Started GET "/todos" for 127.0.0.1 at 2021-01-23 02:02:44 +0530
Processing by TodosController#index as */*
  [1m[36mTodo Load (17.6ms)[0m  [1m[34mSELECT "todos".* FROM "todos" ORDER BY "todos"."due_date" ASC[0m
  ↳ app/controllers/todos_controller.rb:6:in `map'
  Rendering text template
  Rendered text template (Duration: 0.1ms | Allocations: 26)
Completed 200 OK in 25ms (Views: 0.9ms | ActiveRecord: 17.6ms | Allocations: 1148)


Started GET "/todos" for 127.0.0.1 at 2021-01-23 02:03:43 +0530
Processing by TodosController#index as */*
  [1m[36mTodo Load (0.5ms)[0m  [1m[34mSELECT "todos".* FROM "todos" ORDER BY "todos"."due_date" ASC[0m
  ↳ app/controllers/todos_controller.rb:6:in `map'
  Rendering text template
  Rendered text template (Duration: 0.2ms | Allocations: 25)
Completed 200 OK in 6ms (Views: 0.9ms | ActiveRecord: 0.5ms | Allocations: 1007)


Started PATCH "/todos/6/?completed=true" for 127.0.0.1 at 2021-01-23 02:17:11 +0530
  
SyntaxError (/home/decay/Workspace/ComputerScience/CoronaSafe/todo_manager/app/controllers/todos_controller.rb:36: syntax error, unexpected end-of-input, expecting end):
  
app/controllers/todos_controller.rb:36: syntax error, unexpected end-of-input, expecting end
app/controllers/todos_controller.rb:36: syntax error, unexpected end-of-input, expecting end
app/controllers/todos_controller.rb:36: syntax error, unexpected end-of-input, expecting end
Started PATCH "/todos/6/?completed=true" for 127.0.0.1 at 2021-01-23 02:17:31 +0530
  
SyntaxError (/home/decay/Workspace/ComputerScience/CoronaSafe/todo_manager/app/controllers/todos_controller.rb:36: syntax error, unexpected end-of-input, expecting end):
  
app/controllers/todos_controller.rb:36: syntax error, unexpected end-of-input, expecting end
app/controllers/todos_controller.rb:36: syntax error, unexpected end-of-input, expecting end
app/controllers/todos_controller.rb:36: syntax error, unexpected end-of-input, expecting end
Started PATCH "/todos/6/?completed=true" for 127.0.0.1 at 2021-01-23 02:17:53 +0530
Processing by TodosController#update as */*
  Parameters: {"completed"=>"true", "id"=>"6"}
  [1m[36mTodo Load (43.7ms)[0m  [1m[34mSELECT "todos".* FROM "todos" WHERE "todos"."id" = $1 LIMIT $2[0m  [["id", 6], ["LIMIT", 1]]
  ↳ app/controllers/todos_controller.rb:26:in `update'
  [1m[36mTRANSACTION (0.6ms)[0m  [1m[35mBEGIN[0m
  ↳ app/controllers/todos_controller.rb:30:in `update'
  [1m[36mTodo Update (43.0ms)[0m  [1m[33mUPDATE "todos" SET "completed" = $1 WHERE "todos"."id" = $2[0m  [["completed", true], ["id", 6]]
  ↳ app/controllers/todos_controller.rb:30:in `update'
  [1m[36mTRANSACTION (94.1ms)[0m  [1m[35mCOMMIT[0m
  ↳ app/controllers/todos_controller.rb:30:in `update'
  Rendering text template
  Rendered text template (Duration: 0.3ms | Allocations: 25)
Completed 200 OK in 770ms (Views: 2.4ms | ActiveRecord: 364.1ms | Allocations: 7498)


Started PATCH "/todos/6" for 127.0.0.1 at 2021-01-23 02:18:24 +0530
Processing by TodosController#update as */*
  Parameters: {"id"=>"6"}
  [1m[36mTodo Load (0.4ms)[0m  [1m[34mSELECT "todos".* FROM "todos" WHERE "todos"."id" = $1 LIMIT $2[0m  [["id", 6], ["LIMIT", 1]]
  ↳ app/controllers/todos_controller.rb:26:in `update'
  [1m[36mTRANSACTION (0.3ms)[0m  [1m[35mBEGIN[0m
  ↳ app/controllers/todos_controller.rb:30:in `update'
  [1m[36mTodo Update (0.9ms)[0m  [1m[33mUPDATE "todos" SET "completed" = $1 WHERE "todos"."id" = $2[0m  [["completed", nil], ["id", 6]]
  ↳ app/controllers/todos_controller.rb:30:in `update'
  [1m[36mTRANSACTION (13.4ms)[0m  [1m[35mCOMMIT[0m
  ↳ app/controllers/todos_controller.rb:30:in `update'
  Rendering text template
  Rendered text template (Duration: 0.2ms | Allocations: 25)
Completed 200 OK in 29ms (Views: 1.1ms | ActiveRecord: 15.1ms | Allocations: 2795)


Started GET "/todos/6" for 127.0.0.1 at 2021-01-23 02:18:46 +0530
Processing by TodosController#show as HTML
  Parameters: {"id"=>"6"}
  [1m[36mTodo Load (0.9ms)[0m  [1m[34mSELECT "todos".* FROM "todos" WHERE "todos"."id" = $1 LIMIT $2[0m  [["id", 6], ["LIMIT", 1]]
  ↳ app/controllers/todos_controller.rb:11:in `show'
  Rendering text template
  Rendered text template (Duration: 0.1ms | Allocations: 25)
Completed 200 OK in 6ms (Views: 0.9ms | ActiveRecord: 0.9ms | Allocations: 855)


Started PATCH "/todos/6" for 127.0.0.1 at 2021-01-23 02:19:03 +0530
Processing by TodosController#update as */*
  Parameters: {"id"=>"6"}
  [1m[36mTodo Load (0.7ms)[0m  [1m[34mSELECT "todos".* FROM "todos" WHERE "todos"."id" = $1 LIMIT $2[0m  [["id", 6], ["LIMIT", 1]]
  ↳ app/controllers/todos_controller.rb:26:in `update'
  Rendering text template
  Rendered text template (Duration: 0.1ms | Allocations: 26)
Completed 200 OK in 7ms (Views: 0.9ms | ActiveRecord: 0.7ms | Allocations: 939)


  [1m[36mTodo Load (0.6ms)[0m  [1m[34mSELECT "todos".* FROM "todos" /* loading for inspect */ LIMIT $1[0m  [["LIMIT", 11]]
Started PATCH "/todos/6?completed=true" for 127.0.0.1 at 2021-01-23 02:20:41 +0530
Processing by TodosController#update as */*
  Parameters: {"completed"=>"true", "id"=>"6"}
  [1m[36mTodo Load (0.5ms)[0m  [1m[34mSELECT "todos".* FROM "todos" WHERE "todos"."id" = $1 LIMIT $2[0m  [["id", 6], ["LIMIT", 1]]
  ↳ app/controllers/todos_controller.rb:26:in `update'
  [1m[36mTRANSACTION (0.5ms)[0m  [1m[35mBEGIN[0m
  ↳ app/controllers/todos_controller.rb:30:in `update'
  [1m[36mTodo Update (1.0ms)[0m  [1m[33mUPDATE "todos" SET "completed" = $1 WHERE "todos"."id" = $2[0m  [["completed", true], ["id", 6]]
  ↳ app/controllers/todos_controller.rb:30:in `update'
  [1m[36mTRANSACTION (14.4ms)[0m  [1m[35mCOMMIT[0m
  ↳ app/controllers/todos_controller.rb:30:in `update'
  Rendering text template
  Rendered text template (Duration: 0.2ms | Allocations: 25)
Completed 200 OK in 34ms (Views: 1.3ms | ActiveRecord: 16.5ms | Allocations: 2797)


Started PATCH "/todos/6?completed=true" for 127.0.0.1 at 2021-01-23 02:20:43 +0530
Processing by TodosController#update as */*
  Parameters: {"completed"=>"true", "id"=>"6"}
  [1m[36mTodo Load (2.4ms)[0m  [1m[34mSELECT "todos".* FROM "todos" WHERE "todos"."id" = $1 LIMIT $2[0m  [["id", 6], ["LIMIT", 1]]
  ↳ app/controllers/todos_controller.rb:26:in `update'
  Rendering text template
  Rendered text template (Duration: 0.1ms | Allocations: 25)
Completed 200 OK in 32ms (Views: 7.3ms | ActiveRecord: 2.4ms | Allocations: 918)


Started GET "/todos/" for 127.0.0.1 at 2021-01-23 02:20:58 +0530
Processing by TodosController#index as */*
  [1m[36mTodo Load (1.2ms)[0m  [1m[34mSELECT "todos".* FROM "todos" ORDER BY "todos"."due_date" ASC[0m
  ↳ app/controllers/todos_controller.rb:6:in `map'
  Rendering text template
  Rendered text template (Duration: 0.1ms | Allocations: 25)
Completed 200 OK in 9ms (Views: 0.9ms | ActiveRecord: 1.2ms | Allocations: 995)


Started PATCH "/todos/6?completed=false" for 127.0.0.1 at 2021-01-23 02:21:12 +0530
Processing by TodosController#update as */*
  Parameters: {"completed"=>"false", "id"=>"6"}
  [1m[36mTodo Load (0.6ms)[0m  [1m[34mSELECT "todos".* FROM "todos" WHERE "todos"."id" = $1 LIMIT $2[0m  [["id", 6], ["LIMIT", 1]]
  ↳ app/controllers/todos_controller.rb:26:in `update'
  [1m[36mTRANSACTION (0.4ms)[0m  [1m[35mBEGIN[0m
  ↳ app/controllers/todos_controller.rb:30:in `update'
  [1m[36mTodo Update (23.2ms)[0m  [1m[33mUPDATE "todos" SET "completed" = $1 WHERE "todos"."id" = $2[0m  [["completed", false], ["id", 6]]
  ↳ app/controllers/todos_controller.rb:30:in `update'
  [1m[36mTRANSACTION (16.2ms)[0m  [1m[35mCOMMIT[0m
  ↳ app/controllers/todos_controller.rb:30:in `update'
  Rendering text template
  Rendered text template (Duration: 0.5ms | Allocations: 25)
Completed 200 OK in 61ms (Views: 2.9ms | ActiveRecord: 40.4ms | Allocations: 2793)


Started GET "/todos/" for 127.0.0.1 at 2021-01-23 02:21:15 +0530
Processing by TodosController#index as */*
  [1m[36mTodo Load (0.5ms)[0m  [1m[34mSELECT "todos".* FROM "todos" ORDER BY "todos"."due_date" ASC[0m
  ↳ app/controllers/todos_controller.rb:6:in `map'
  Rendering text template
  Rendered text template (Duration: 0.1ms | Allocations: 25)
Completed 200 OK in 5ms (Views: 0.6ms | ActiveRecord: 0.5ms | Allocations: 994)


Started PATCH "/todos/5?completed=false" for 127.0.0.1 at 2021-01-23 02:21:30 +0530
Processing by TodosController#update as */*
  Parameters: {"completed"=>"false", "id"=>"5"}
  [1m[36mTodo Load (0.9ms)[0m  [1m[34mSELECT "todos".* FROM "todos" WHERE "todos"."id" = $1 LIMIT $2[0m  [["id", 5], ["LIMIT", 1]]
  ↳ app/controllers/todos_controller.rb:26:in `update'
  [1m[36mTRANSACTION (0.4ms)[0m  [1m[35mBEGIN[0m
  ↳ app/controllers/todos_controller.rb:30:in `update'
  [1m[36mTodo Update (12.7ms)[0m  [1m[33mUPDATE "todos" SET "completed" = $1 WHERE "todos"."id" = $2[0m  [["completed", false], ["id", 5]]
  ↳ app/controllers/todos_controller.rb:30:in `update'
  [1m[36mTRANSACTION (12.0ms)[0m  [1m[35mCOMMIT[0m
  ↳ app/controllers/todos_controller.rb:30:in `update'
  Rendering text template
  Rendered text template (Duration: 0.3ms | Allocations: 25)
Completed 200 OK in 42ms (Views: 1.8ms | ActiveRecord: 26.0ms | Allocations: 2792)


Started GET "/todos/" for 127.0.0.1 at 2021-01-23 02:21:33 +0530
Processing by TodosController#index as */*
  [1m[36mTodo Load (1.2ms)[0m  [1m[34mSELECT "todos".* FROM "todos" ORDER BY "todos"."due_date" ASC[0m
  ↳ app/controllers/todos_controller.rb:6:in `map'
  Rendering text template
  Rendered text template (Duration: 0.1ms | Allocations: 25)
Completed 200 OK in 9ms (Views: 0.8ms | ActiveRecord: 1.2ms | Allocations: 995)


  [1m[35m (644.4ms)[0m  [1m[35mCREATE TABLE "schema_migrations" ("version" character varying NOT NULL PRIMARY KEY)[0m
  [1m[35m (146.5ms)[0m  [1m[35mCREATE TABLE "ar_internal_metadata" ("key" character varying NOT NULL PRIMARY KEY, "value" character varying, "created_at" timestamp(6) NOT NULL, "updated_at" timestamp(6) NOT NULL)[0m
  [1m[35m (25.0ms)[0m  [1m[34mSELECT pg_try_advisory_lock(5350916442594422490)[0m
  [1m[35m (31.2ms)[0m  [1m[34mSELECT "schema_migrations"."version" FROM "schema_migrations" ORDER BY "schema_migrations"."version" ASC[0m
Migrating to CreateUsers (20210122211731)
  [1m[36mTRANSACTION (0.5ms)[0m  [1m[35mBEGIN[0m
  [1m[35m (254.6ms)[0m  [1m[35mCREATE TABLE "users" ("id" bigserial primary key, "name" text, "email" text, "password" text, "created_at" timestamp(6) NOT NULL, "updated_at" timestamp(6) NOT NULL)[0m
  [1m[36mActiveRecord::SchemaMigration Create (38.1ms)[0m  [1m[32mINSERT INTO "schema_migrations" ("version") VALUES ($1) RETURNING "version"[0m  [["version", "20210122211731"]]
  [1m[36mTRANSACTION (15.0ms)[0m  [1m[35mCOMMIT[0m
  [1m[36mActiveRecord::InternalMetadata Load (1.2ms)[0m  [1m[34mSELECT "ar_internal_metadata".* FROM "ar_internal_metadata" WHERE "ar_internal_metadata"."key" = $1 LIMIT $2[0m  [["key", "environment"], ["LIMIT", 1]]
  [1m[36mTRANSACTION (0.4ms)[0m  [1m[35mBEGIN[0m
  [1m[36mActiveRecord::InternalMetadata Create (15.8ms)[0m  [1m[32mINSERT INTO "ar_internal_metadata" ("key", "value", "created_at", "updated_at") VALUES ($1, $2, $3, $4) RETURNING "key"[0m  [["key", "environment"], ["value", "development"], ["created_at", "2021-01-22 21:20:26.457616"], ["updated_at", "2021-01-22 21:20:26.457616"]]
  [1m[36mTRANSACTION (14.6ms)[0m  [1m[35mCOMMIT[0m
  [1m[35m (1.0ms)[0m  [1m[34mSELECT pg_advisory_unlock(5350916442594422490)[0m
  [1m[35m (1.8ms)[0m  [1m[34mSELECT "schema_migrations"."version" FROM "schema_migrations" ORDER BY "schema_migrations"."version" ASC[0m
Started POST "/users?name=Adam&email=adam@gmail.com&password=[FILTERED]" for 127.0.0.1 at 2021-01-23 02:57:46 +0530
  [1m[35m (2.9ms)[0m  [1m[34mSELECT "schema_migrations"."version" FROM "schema_migrations" ORDER BY "schema_migrations"."version" ASC[0m
  
SyntaxError (/home/decay/Workspace/ComputerScience/CoronaSafe/todo_manager/app/controllers/users_controller.rb:6: syntax error, unexpected tIDENTIFIER, expecting ')'
...       map(:&to_pleasant_string).
...             ^~~~~~~~~~~~~~~~~~):
  
app/controllers/users_controller.rb:6: syntax error, unexpected tIDENTIFIER, expecting ')'
app/controllers/users_controller.rb:6: syntax error, unexpected tIDENTIFIER, expecting ')'
app/controllers/users_controller.rb:6: syntax error, unexpected tIDENTIFIER, expecting ')'
Started POST "/users?name=Adam&email=adam@gmail.com&password=[FILTERED]" for 127.0.0.1 at 2021-01-23 02:59:15 +0530
Processing by UsersController#create as */*
  Parameters: {"name"=>"Adam", "email"=>"adam@gmail.com", "password"=>"[FILTERED]"}
  [1m[36mTRANSACTION (1.0ms)[0m  [1m[35mBEGIN[0m
  ↳ app/controllers/users_controller.rb:11:in `create'
  [1m[36mUser Create (56.1ms)[0m  [1m[32mINSERT INTO "users" ("name", "email", "password", "created_at", "updated_at") VALUES ($1, $2, $3, $4, $5) RETURNING "id"[0m  [["name", "Adam"], ["email", "adam@gmail.com"], ["password", "hello123"], ["created_at", "2021-01-22 21:29:16.171575"], ["updated_at", "2021-01-22 21:29:16.171575"]]
  ↳ app/controllers/users_controller.rb:11:in `create'
  [1m[36mTRANSACTION (138.8ms)[0m  [1m[35mCOMMIT[0m
  ↳ app/controllers/users_controller.rb:11:in `create'
  Rendering text template
  Rendered text template (Duration: 0.2ms | Allocations: 25)
Completed 200 OK in 306ms (Views: 2.0ms | ActiveRecord: 237.4ms | Allocations: 6197)


Started POST "/users?name=Ben&email=ben@yahoo.in&password=[FILTERED]" for 127.0.0.1 at 2021-01-23 02:59:43 +0530
Processing by UsersController#create as */*
  Parameters: {"name"=>"Ben", "email"=>"ben@yahoo.in", "password"=>"[FILTERED]"}
  [1m[36mTRANSACTION (0.4ms)[0m  [1m[35mBEGIN[0m
  ↳ app/controllers/users_controller.rb:11:in `create'
  [1m[36mUser Create (0.8ms)[0m  [1m[32mINSERT INTO "users" ("name", "email", "password", "created_at", "updated_at") VALUES ($1, $2, $3, $4, $5) RETURNING "id"[0m  [["name", "Ben"], ["email", "ben@yahoo.in"], ["password", "hello123"], ["created_at", "2021-01-22 21:29:43.504705"], ["updated_at", "2021-01-22 21:29:43.504705"]]
  ↳ app/controllers/users_controller.rb:11:in `create'
  [1m[36mTRANSACTION (23.7ms)[0m  [1m[35mCOMMIT[0m
  ↳ app/controllers/users_controller.rb:11:in `create'
  Rendering text template
  Rendered text template (Duration: 0.2ms | Allocations: 25)
Completed 200 OK in 38ms (Views: 1.2ms | ActiveRecord: 24.9ms | Allocations: 2385)


Started GET "/users/" for 127.0.0.1 at 2021-01-23 02:59:49 +0530
Processing by UsersController#index as */*
  [1m[36mUser Load (1.3ms)[0m  [1m[34mSELECT "users".* FROM "users" ORDER BY "users"."name" ASC[0m
  ↳ app/controllers/users_controller.rb:6:in `map'
  Rendering text template
  Rendered text template (Duration: 0.2ms | Allocations: 25)
Completed 200 OK in 33ms (Views: 1.1ms | ActiveRecord: 1.3ms | Allocations: 958)


Started GET "/users" for 127.0.0.1 at 2021-01-23 03:00:19 +0530
Processing by UsersController#index as HTML
  [1m[36mUser Load (0.6ms)[0m  [1m[34mSELECT "users".* FROM "users" ORDER BY "users"."name" ASC[0m
  ↳ app/controllers/users_controller.rb:6:in `map'
  Rendering text template
  Rendered text template (Duration: 0.1ms | Allocations: 25)
Completed 200 OK in 7ms (Views: 0.9ms | ActiveRecord: 0.6ms | Allocations: 913)


Started GET "/users" for 127.0.0.1 at 2021-01-23 03:00:42 +0530
Processing by UsersController#index as HTML
  [1m[36mUser Load (0.6ms)[0m  [1m[34mSELECT "users".* FROM "users" ORDER BY "users"."name" ASC[0m
  ↳ app/controllers/users_controller.rb:6:in `map'
  Rendering text template
  Rendered text template (Duration: 0.1ms | Allocations: 25)
Completed 200 OK in 22ms (Views: 0.9ms | ActiveRecord: 7.1ms | Allocations: 4383)


Started GET "/users" for 127.0.0.1 at 2021-01-23 03:00:43 +0530
Processing by UsersController#index as HTML
  [1m[36mUser Load (0.7ms)[0m  [1m[34mSELECT "users".* FROM "users" ORDER BY "users"."name" ASC[0m
  ↳ app/controllers/users_controller.rb:6:in `map'
  Rendering text template
  Rendered text template (Duration: 0.2ms | Allocations: 25)
Completed 200 OK in 6ms (Views: 1.0ms | ActiveRecord: 0.7ms | Allocations: 913)


Started GET "/users" for 127.0.0.1 at 2021-01-23 03:00:49 +0530
Processing by UsersController#index as HTML
  [1m[36mUser Load (0.8ms)[0m  [1m[34mSELECT "users".* FROM "users" ORDER BY "users"."name" ASC[0m
  ↳ app/controllers/users_controller.rb:6:in `map'
  Rendering text template
  Rendered text template (Duration: 0.1ms | Allocations: 25)
Completed 200 OK in 21ms (Views: 1.0ms | ActiveRecord: 8.4ms | Allocations: 4384)


Started GET "/todos" for 127.0.0.1 at 2021-01-23 03:01:24 +0530
Processing by TodosController#index as HTML
  [1m[36mTodo Load (32.0ms)[0m  [1m[34mSELECT "todos".* FROM "todos" ORDER BY "todos"."due_date" ASC[0m
  ↳ app/controllers/todos_controller.rb:6:in `map'
  Rendering text template
  Rendered text template (Duration: 0.2ms | Allocations: 25)
Completed 200 OK in 106ms (Views: 2.3ms | ActiveRecord: 38.2ms | Allocations: 3540)


Started GET "/todos" for 127.0.0.1 at 2021-01-23 03:01:33 +0530
Processing by TodosController#index as HTML
  [1m[36mTodo Load (0.8ms)[0m  [1m[34mSELECT "todos".* FROM "todos" ORDER BY "todos"."due_date" ASC[0m
  ↳ app/controllers/todos_controller.rb:6:in `map'
  Rendering text template
  Rendered text template (Duration: 0.1ms | Allocations: 25)
Completed 200 OK in 26ms (Views: 1.4ms | ActiveRecord: 9.4ms | Allocations: 3455)


Started GET "/todos" for 127.0.0.1 at 2021-01-23 03:01:42 +0530
Processing by TodosController#index as HTML
  [1m[36mTodo Load (0.4ms)[0m  [1m[34mSELECT "todos".* FROM "todos" ORDER BY "todos"."due_date" ASC[0m
  ↳ app/controllers/todos_controller.rb:6:in `map'
  Rendering text template
  Rendered text template (Duration: 0.1ms | Allocations: 25)
Completed 200 OK in 16ms (Views: 1.3ms | ActiveRecord: 5.3ms | Allocations: 3451)


Started POST "/users/login" for 127.0.0.1 at 2021-01-23 03:03:35 +0530
  
ActionController::RoutingError (No route matches [POST] "/users/login"):
  
Started POST "/users/login" for 127.0.0.1 at 2021-01-23 03:03:57 +0530
Processing by UsersController#login as */*
Completed 500 Internal Server Error in 27ms (ActiveRecord: 0.0ms | Allocations: 2246)


  
NoMethodError (undefined method `find_by' for #<UsersController:0x007f7e70847c68>):
  
app/controllers/users_controller.rb:21:in `login'
Started POST "/users/login" for 127.0.0.1 at 2021-01-23 03:04:16 +0530
Processing by UsersController#login as */*
  [1m[36mUser Load (1.0ms)[0m  [1m[34mSELECT "users".* FROM "users" WHERE "users"."email" IS NULL AND "users"."password" IS NULL LIMIT $1[0m  [["LIMIT", 1]]
  ↳ app/controllers/users_controller.rb:21:in `login'
  Rendering text template
  Rendered text template (Duration: 0.3ms | Allocations: 25)
Completed 200 OK in 39ms (Views: 2.0ms | ActiveRecord: 6.0ms | Allocations: 1792)


Started POST "/users/login?email=adam@gmail.com&password=[FILTERED]" for 127.0.0.1 at 2021-01-23 03:04:59 +0530
Processing by UsersController#login as */*
  Parameters: {"email"=>"adam@gmail.com", "password"=>"[FILTERED]"}
  [1m[36mUser Load (1.1ms)[0m  [1m[34mSELECT "users".* FROM "users" WHERE "users"."email" = $1 AND "users"."password" = $2 LIMIT $3[0m  [["email", "adam@gmail.com"], ["password", "hello123"], ["LIMIT", 1]]
  ↳ app/controllers/users_controller.rb:21:in `login'
  Rendering text template
  Rendered text template (Duration: 0.1ms | Allocations: 25)
Completed 200 OK in 23ms (Views: 0.9ms | ActiveRecord: 6.2ms | Allocations: 3632)


Started POST "/users/login?email=adam@gmail.com&password=[FILTERED]" for 127.0.0.1 at 2021-01-23 03:05:03 +0530
Processing by UsersController#login as */*
  Parameters: {"email"=>"adam@gmail.com", "password"=>"[FILTERED]"}
  [1m[36mUser Load (0.3ms)[0m  [1m[34mSELECT "users".* FROM "users" WHERE "users"."email" = $1 AND "users"."password" = $2 LIMIT $3[0m  [["email", "adam@gmail.com"], ["password", "hello12"], ["LIMIT", 1]]
  ↳ app/controllers/users_controller.rb:21:in `login'
  Rendering text template
  Rendered text template (Duration: 0.1ms | Allocations: 25)
Completed 200 OK in 4ms (Views: 0.5ms | ActiveRecord: 0.3ms | Allocations: 839)


Started POST "/users/login?email=adam@gmail.co&password=[FILTERED]" for 127.0.0.1 at 2021-01-23 03:05:11 +0530
Processing by UsersController#login as */*
  Parameters: {"email"=>"adam@gmail.co", "password"=>"[FILTERED]"}
  [1m[36mUser Load (0.6ms)[0m  [1m[34mSELECT "users".* FROM "users" WHERE "users"."email" = $1 AND "users"."password" = $2 LIMIT $3[0m  [["email", "adam@gmail.co"], ["password", "hello123"], ["LIMIT", 1]]
  ↳ app/controllers/users_controller.rb:21:in `login'
  Rendering text template
  Rendered text template (Duration: 0.1ms | Allocations: 25)
Completed 200 OK in 5ms (Views: 0.7ms | ActiveRecord: 0.6ms | Allocations: 839)


Started POST "/users/login?email=ben@yahoo.in&password=[FILTERED]" for 127.0.0.1 at 2021-01-23 03:05:20 +0530
Processing by UsersController#login as */*
  Parameters: {"email"=>"ben@yahoo.in", "password"=>"[FILTERED]"}
  [1m[36mUser Load (0.3ms)[0m  [1m[34mSELECT "users".* FROM "users" WHERE "users"."email" = $1 AND "users"."password" = $2 LIMIT $3[0m  [["email", "ben@yahoo.in"], ["password", "hello123"], ["LIMIT", 1]]
  ↳ app/controllers/users_controller.rb:21:in `login'
  Rendering text template
  Rendered text template (Duration: 0.3ms | Allocations: 25)
Completed 200 OK in 7ms (Views: 1.7ms | ActiveRecord: 0.3ms | Allocations: 851)


Started POST "/users/login?email=ben@yahoo.com&password=[FILTERED]" for 127.0.0.1 at 2021-01-23 03:05:24 +0530
Processing by UsersController#login as */*
  Parameters: {"email"=>"ben@yahoo.com", "password"=>"[FILTERED]"}
  [1m[36mUser Load (0.8ms)[0m  [1m[34mSELECT "users".* FROM "users" WHERE "users"."email" = $1 AND "users"."password" = $2 LIMIT $3[0m  [["email", "ben@yahoo.com"], ["password", "hello123"], ["LIMIT", 1]]
  ↳ app/controllers/users_controller.rb:21:in `login'
  Rendering text template
  Rendered text template (Duration: 0.1ms | Allocations: 25)
Completed 200 OK in 6ms (Views: 0.8ms | ActiveRecord: 0.8ms | Allocations: 839)


Started GET "/todos" for 127.0.0.1 at 2021-01-23 03:07:47 +0530
Processing by TodosController#index as HTML
  [1m[36mTodo Load (1.0ms)[0m  [1m[34mSELECT "todos".* FROM "todos" ORDER BY "todos"."due_date" ASC[0m
  ↳ app/controllers/todos_controller.rb:6:in `map'
  Rendering text template
  Rendered text template (Duration: 0.3ms | Allocations: 25)
Completed 200 OK in 40ms (Views: 1.9ms | ActiveRecord: 9.2ms | Allocations: 3493)


Started GET "/users" for 127.0.0.1 at 2021-01-23 03:07:53 +0530
Processing by UsersController#index as HTML
  [1m[36mUser Load (0.6ms)[0m  [1m[34mSELECT "users".* FROM "users" ORDER BY "users"."name" ASC[0m
  ↳ app/controllers/users_controller.rb:6:in `map'
  Rendering text template
  Rendered text template (Duration: 0.2ms | Allocations: 25)
Completed 200 OK in 21ms (Views: 1.3ms | ActiveRecord: 5.5ms | Allocations: 4288)


Started GET "/users/3" for 127.0.0.1 at 2021-01-23 03:07:57 +0530
Processing by UsersController#show as HTML
  Parameters: {"id"=>"3"}
  [1m[36mUser Load (0.5ms)[0m  [1m[34mSELECT "users".* FROM "users" WHERE "users"."id" = $1 LIMIT $2[0m  [["id", 3], ["LIMIT", 1]]
  ↳ app/controllers/users_controller.rb:11:in `show'
  Rendering text template
  Rendered text template (Duration: 0.1ms | Allocations: 25)
Completed 200 OK in 10ms (Views: 0.7ms | ActiveRecord: 0.5ms | Allocations: 923)


Started GET "/users/1" for 127.0.0.1 at 2021-01-23 03:08:01 +0530
Processing by UsersController#show as HTML
  Parameters: {"id"=>"1"}
  [1m[36mUser Load (0.4ms)[0m  [1m[34mSELECT "users".* FROM "users" WHERE "users"."id" = $1 LIMIT $2[0m  [["id", 1], ["LIMIT", 1]]
  ↳ app/controllers/users_controller.rb:11:in `show'
  Rendering text template
  Rendered text template (Duration: 0.1ms | Allocations: 25)
Completed 200 OK in 4ms (Views: 0.5ms | ActiveRecord: 0.4ms | Allocations: 838)


Started GET "/users/2" for 127.0.0.1 at 2021-01-23 03:08:04 +0530
Processing by UsersController#show as HTML
  Parameters: {"id"=>"2"}
  [1m[36mUser Load (0.5ms)[0m  [1m[34mSELECT "users".* FROM "users" WHERE "users"."id" = $1 LIMIT $2[0m  [["id", 2], ["LIMIT", 1]]
  ↳ app/controllers/users_controller.rb:11:in `show'
  Rendering text template
  Rendered text template (Duration: 0.2ms | Allocations: 25)
Completed 200 OK in 6ms (Views: 0.9ms | ActiveRecord: 0.5ms | Allocations: 838)


Started GET "/users/" for 127.0.0.1 at 2021-01-23 03:08:08 +0530
Processing by UsersController#index as HTML
  [1m[36mUser Load (0.8ms)[0m  [1m[34mSELECT "users".* FROM "users" ORDER BY "users"."name" ASC[0m
  ↳ app/controllers/users_controller.rb:6:in `map'
  Rendering text template
  Rendered text template (Duration: 0.1ms | Allocations: 25)
Completed 200 OK in 7ms (Views: 0.8ms | ActiveRecord: 0.8ms | Allocations: 913)


Started GET "/users/login" for 127.0.0.1 at 2021-01-23 03:08:12 +0530
Processing by UsersController#show as HTML
  Parameters: {"id"=>"login"}
  [1m[36mUser Load (0.5ms)[0m  [1m[34mSELECT "users".* FROM "users" WHERE "users"."id" = $1 LIMIT $2[0m  [["id", nil], ["LIMIT", 1]]
  ↳ app/controllers/users_controller.rb:11:in `show'
  Rendering text template
  Rendered text template (Duration: 0.1ms | Allocations: 25)
Completed 200 OK in 5ms (Views: 0.7ms | ActiveRecord: 0.5ms | Allocations: 823)


Started GET "/users/" for 127.0.0.1 at 2021-01-23 03:08:15 +0530
Processing by UsersController#index as HTML
  [1m[36mUser Load (0.5ms)[0m  [1m[34mSELECT "users".* FROM "users" ORDER BY "users"."name" ASC[0m
  ↳ app/controllers/users_controller.rb:6:in `map'
  Rendering text template
  Rendered text template (Duration: 0.1ms | Allocations: 25)
Completed 200 OK in 5ms (Views: 0.6ms | ActiveRecord: 0.5ms | Allocations: 913)


Started POST "/users/login?email=ben@yahoo.com&password=[FILTERED]" for 127.0.0.1 at 2021-01-23 03:08:49 +0530
Processing by UsersController#login as */*
  Parameters: {"email"=>"ben@yahoo.com", "password"=>"[FILTERED]"}
  [1m[36mUser Load (0.5ms)[0m  [1m[34mSELECT "users".* FROM "users" WHERE "users"."email" = $1 AND "users"."password" = $2 LIMIT $3[0m  [["email", "ben@yahoo.com"], ["password", "hello123"], ["LIMIT", 1]]
  ↳ app/controllers/users_controller.rb:26:in `login'
  Rendering text template
  Rendered text template (Duration: 0.2ms | Allocations: 25)
Completed 200 OK in 14ms (Views: 2.5ms | ActiveRecord: 4.3ms | Allocations: 1743)


Started POST "/users/login?email=ben@yahoo.in&password=[FILTERED]" for 127.0.0.1 at 2021-01-23 03:08:53 +0530
Processing by UsersController#login as */*
  Parameters: {"email"=>"ben@yahoo.in", "password"=>"[FILTERED]"}
  [1m[36mUser Load (0.6ms)[0m  [1m[34mSELECT "users".* FROM "users" WHERE "users"."email" = $1 AND "users"."password" = $2 LIMIT $3[0m  [["email", "ben@yahoo.in"], ["password", "hello123"], ["LIMIT", 1]]
  ↳ app/controllers/users_controller.rb:26:in `login'
  Rendering text template
  Rendered text template (Duration: 0.1ms | Allocations: 25)
Completed 200 OK in 20ms (Views: 1.0ms | ActiveRecord: 7.1ms | Allocations: 3473)


Started POST "/users?name=Claire&email=claire@hotmail.com&password=[FILTERED]" for 127.0.0.1 at 2021-01-23 03:09:15 +0530
Processing by UsersController#create as */*
  Parameters: {"name"=>"Claire", "email"=>"claire@hotmail.com", "password"=>"[FILTERED]"}
  [1m[36mTRANSACTION (0.4ms)[0m  [1m[35mBEGIN[0m
  ↳ app/controllers/users_controller.rb:16:in `create'
  [1m[36mUser Create (1.0ms)[0m  [1m[32mINSERT INTO "users" ("name", "email", "password", "created_at", "updated_at") VALUES ($1, $2, $3, $4, $5) RETURNING "id"[0m  [["name", "Claire"], ["email", "claire@hotmail.com"], ["password", "hello123"], ["created_at", "2021-01-22 21:39:15.144568"], ["updated_at", "2021-01-22 21:39:15.144568"]]
  ↳ app/controllers/users_controller.rb:16:in `create'
  [1m[36mTRANSACTION (114.7ms)[0m  [1m[35mCOMMIT[0m
  ↳ app/controllers/users_controller.rb:16:in `create'
  Rendering text template
  Rendered text template (Duration: 0.1ms | Allocations: 25)
Completed 200 OK in 131ms (Views: 0.9ms | ActiveRecord: 116.1ms | Allocations: 2393)


Started GET "/users/" for 127.0.0.1 at 2021-01-23 03:09:26 +0530
Processing by UsersController#index as HTML
  [1m[36mUser Load (0.6ms)[0m  [1m[34mSELECT "users".* FROM "users" ORDER BY "users"."name" ASC[0m
  ↳ app/controllers/users_controller.rb:6:in `map'
  Rendering text template
  Rendered text template (Duration: 0.1ms | Allocations: 25)
Completed 200 OK in 18ms (Views: 0.9ms | ActiveRecord: 0.6ms | Allocations: 933)


Started POST "/todos/?todo_text=Final%20task&due_date=31-Jan-2020" for 127.0.0.1 at 2021-01-23 03:10:22 +0530
Processing by TodosController#create as */*
  Parameters: {"todo_text"=>"Final task", "due_date"=>"31-Jan-2020"}
  [1m[36mTRANSACTION (0.5ms)[0m  [1m[35mBEGIN[0m
  ↳ app/controllers/todos_controller.rb:16:in `create'
  [1m[36mTodo Create (14.6ms)[0m  [1m[32mINSERT INTO "todos" ("todo_text", "due_date", "completed") VALUES ($1, $2, $3) RETURNING "id"[0m  [["todo_text", "Final task"], ["due_date", "2020-01-31"], ["completed", false]]
  ↳ app/controllers/todos_controller.rb:16:in `create'
  [1m[36mTRANSACTION (14.5ms)[0m  [1m[35mCOMMIT[0m
  ↳ app/controllers/todos_controller.rb:16:in `create'
  Rendering text template
  Rendered text template (Duration: 0.3ms | Allocations: 25)
Completed 200 OK in 64ms (Views: 3.1ms | ActiveRecord: 35.6ms | Allocations: 4685)


Started GET "/todos" for 127.0.0.1 at 2021-01-23 03:10:31 +0530
Processing by TodosController#index as HTML
  [1m[36mTodo Load (0.8ms)[0m  [1m[34mSELECT "todos".* FROM "todos" ORDER BY "todos"."due_date" ASC[0m
  ↳ app/controllers/todos_controller.rb:6:in `map'
  Rendering text template
  Rendered text template (Duration: 0.1ms | Allocations: 25)
Completed 200 OK in 5ms (Views: 0.6ms | ActiveRecord: 0.8ms | Allocations: 1031)


Started GET "/todos/8" for 127.0.0.1 at 2021-01-23 03:10:42 +0530
Processing by TodosController#show as HTML
  Parameters: {"id"=>"8"}
  [1m[36mTodo Load (0.9ms)[0m  [1m[34mSELECT "todos".* FROM "todos" WHERE "todos"."id" = $1 LIMIT $2[0m  [["id", 8], ["LIMIT", 1]]
  ↳ app/controllers/todos_controller.rb:11:in `show'
  Rendering text template
  Rendered text template (Duration: 0.2ms | Allocations: 25)
Completed 200 OK in 10ms (Views: 1.3ms | ActiveRecord: 0.9ms | Allocations: 939)


Started PATCH "/todos/8?completed=true" for 127.0.0.1 at 2021-01-23 03:10:52 +0530
Processing by TodosController#update as */*
  Parameters: {"completed"=>"true", "id"=>"8"}
  [1m[36mTodo Load (1.2ms)[0m  [1m[34mSELECT "todos".* FROM "todos" WHERE "todos"."id" = $1 LIMIT $2[0m  [["id", 8], ["LIMIT", 1]]
  ↳ app/controllers/todos_controller.rb:26:in `update'
  [1m[36mTRANSACTION (0.5ms)[0m  [1m[35mBEGIN[0m
  ↳ app/controllers/todos_controller.rb:30:in `update'
  [1m[36mTodo Update (26.3ms)[0m  [1m[33mUPDATE "todos" SET "completed" = $1 WHERE "todos"."id" = $2[0m  [["completed", true], ["id", 8]]
  ↳ app/controllers/todos_controller.rb:30:in `update'
  [1m[36mTRANSACTION (17.1ms)[0m  [1m[35mCOMMIT[0m
  ↳ app/controllers/todos_controller.rb:30:in `update'
  Rendering text template
  Rendered text template (Duration: 0.3ms | Allocations: 25)
Completed 200 OK in 76ms (Views: 1.3ms | ActiveRecord: 45.1ms | Allocations: 2791)


Started GET "/todos/8" for 127.0.0.1 at 2021-01-23 03:11:03 +0530
Processing by TodosController#show as HTML
  Parameters: {"id"=>"8"}
  [1m[36mTodo Load (0.7ms)[0m  [1m[34mSELECT "todos".* FROM "todos" WHERE "todos"."id" = $1 LIMIT $2[0m  [["id", 8], ["LIMIT", 1]]
  ↳ app/controllers/todos_controller.rb:11:in `show'
  Rendering text template
  Rendered text template (Duration: 0.1ms | Allocations: 25)
Completed 200 OK in 6ms (Views: 0.8ms | ActiveRecord: 0.7ms | Allocations: 841)


Started PATCH "/todos/8?completed=true" for 127.0.0.1 at 2021-01-23 03:11:39 +0530
Processing by TodosController#update as */*
  Parameters: {"completed"=>"true", "id"=>"8"}
  [1m[36mTodo Load (0.6ms)[0m  [1m[34mSELECT "todos".* FROM "todos" WHERE "todos"."id" = $1 LIMIT $2[0m  [["id", 8], ["LIMIT", 1]]
  ↳ app/controllers/todos_controller.rb:26:in `update'
  Rendering text template
  Rendered text template (Duration: 0.2ms | Allocations: 25)
Completed 200 OK in 8ms (Views: 2.4ms | ActiveRecord: 0.6ms | Allocations: 915)


Started PATCH "/todos/8?completed=true" for 127.0.0.1 at 2021-01-23 03:11:40 +0530
Processing by TodosController#update as */*
  Parameters: {"completed"=>"true", "id"=>"8"}
  [1m[36mTodo Load (0.6ms)[0m  [1m[34mSELECT "todos".* FROM "todos" WHERE "todos"."id" = $1 LIMIT $2[0m  [["id", 8], ["LIMIT", 1]]
  ↳ app/controllers/todos_controller.rb:26:in `update'
  Rendering text template
  Rendered text template (Duration: 0.2ms | Allocations: 25)
Completed 200 OK in 6ms (Views: 0.9ms | ActiveRecord: 0.6ms | Allocations: 917)


Started PATCH "/todos/8?completed=true" for 127.0.0.1 at 2021-01-23 03:11:42 +0530
Processing by TodosController#update as */*
  Parameters: {"completed"=>"true", "id"=>"8"}
  [1m[36mTodo Load (0.8ms)[0m  [1m[34mSELECT "todos".* FROM "todos" WHERE "todos"."id" = $1 LIMIT $2[0m  [["id", 8], ["LIMIT", 1]]
  ↳ app/controllers/todos_controller.rb:26:in `update'
  Rendering text template
  Rendered text template (Duration: 0.4ms | Allocations: 25)
Completed 200 OK in 9ms (Views: 2.5ms | ActiveRecord: 0.8ms | Allocations: 917)


Started PATCH "/todos/8?completed=false" for 127.0.0.1 at 2021-01-23 03:12:01 +0530
Processing by TodosController#update as */*
  Parameters: {"completed"=>"false", "id"=>"8"}
  [1m[36mTodo Load (0.6ms)[0m  [1m[34mSELECT "todos".* FROM "todos" WHERE "todos"."id" = $1 LIMIT $2[0m  [["id", 8], ["LIMIT", 1]]
  ↳ app/controllers/todos_controller.rb:26:in `update'
  [1m[36mTRANSACTION (0.5ms)[0m  [1m[35mBEGIN[0m
  ↳ app/controllers/todos_controller.rb:30:in `update'
  [1m[36mTodo Update (1.9ms)[0m  [1m[33mUPDATE "todos" SET "completed" = $1 WHERE "todos"."id" = $2[0m  [["completed", false], ["id", 8]]
  ↳ app/controllers/todos_controller.rb:30:in `update'
  [1m[36mTRANSACTION (21.9ms)[0m  [1m[35mCOMMIT[0m
  ↳ app/controllers/todos_controller.rb:30:in `update'
  Rendering text template
  Rendered text template (Duration: 0.1ms | Allocations: 25)
Completed 200 OK in 40ms (Views: 0.7ms | ActiveRecord: 24.9ms | Allocations: 2793)


Started PATCH "/todos/8?completed=false" for 127.0.0.1 at 2021-01-23 03:12:35 +0530
Processing by TodosController#update as */*
  Parameters: {"completed"=>"false", "id"=>"8"}
  [1m[36mTodo Load (0.5ms)[0m  [1m[34mSELECT "todos".* FROM "todos" WHERE "todos"."id" = $1 LIMIT $2[0m  [["id", 8], ["LIMIT", 1]]
  ↳ app/controllers/todos_controller.rb:26:in `update'
  Rendering text template
  Rendered text template (Duration: 0.1ms | Allocations: 25)
Completed 200 OK in 28ms (Views: 1.2ms | ActiveRecord: 9.3ms | Allocations: 3408)


Started PATCH "/todos/8?completed=true" for 127.0.0.1 at 2021-01-23 03:13:04 +0530
Processing by TodosController#update as */*
  Parameters: {"completed"=>"true", "id"=>"8"}
  [1m[36mTodo Load (0.5ms)[0m  [1m[34mSELECT "todos".* FROM "todos" WHERE "todos"."id" = $1 LIMIT $2[0m  [["id", 8], ["LIMIT", 1]]
  ↳ app/controllers/todos_controller.rb:26:in `update'
  [1m[36mTRANSACTION (0.4ms)[0m  [1m[35mBEGIN[0m
  ↳ app/controllers/todos_controller.rb:30:in `update'
  [1m[36mTodo Update (1.0ms)[0m  [1m[33mUPDATE "todos" SET "completed" = $1 WHERE "todos"."id" = $2[0m  [["completed", true], ["id", 8]]
  ↳ app/controllers/todos_controller.rb:30:in `update'
  [1m[36mTRANSACTION (10.9ms)[0m  [1m[35mCOMMIT[0m
  ↳ app/controllers/todos_controller.rb:30:in `update'
  Rendering text template
  Rendered text template (Duration: 0.2ms | Allocations: 25)
Completed 200 OK in 29ms (Views: 0.9ms | ActiveRecord: 12.8ms | Allocations: 2794)


Started PATCH "/todos/8?completed=true" for 127.0.0.1 at 2021-01-23 03:13:05 +0530
Processing by TodosController#update as */*
  Parameters: {"completed"=>"true", "id"=>"8"}
  [1m[36mTodo Load (0.4ms)[0m  [1m[34mSELECT "todos".* FROM "todos" WHERE "todos"."id" = $1 LIMIT $2[0m  [["id", 8], ["LIMIT", 1]]
  ↳ app/controllers/todos_controller.rb:26:in `update'
  Rendering text template
  Rendered text template (Duration: 0.1ms | Allocations: 25)
Completed 200 OK in 5ms (Views: 0.7ms | ActiveRecord: 0.4ms | Allocations: 914)


Started PATCH "/todos/8?completed=true" for 127.0.0.1 at 2021-01-23 03:13:41 +0530
Processing by TodosController#update as */*
  Parameters: {"completed"=>"true", "id"=>"8"}
  [1m[36mTodo Load (0.7ms)[0m  [1m[34mSELECT "todos".* FROM "todos" WHERE "todos"."id" = $1 LIMIT $2[0m  [["id", 8], ["LIMIT", 1]]
  ↳ app/controllers/todos_controller.rb:26:in `update'
  Rendering text template
  Rendered text template (Duration: 0.2ms | Allocations: 25)
Completed 200 OK in 27ms (Views: 1.6ms | ActiveRecord: 11.8ms | Allocations: 3450)


Started PATCH "/todos/8?completed=true" for 127.0.0.1 at 2021-01-23 03:13:43 +0530
Processing by TodosController#update as */*
  Parameters: {"completed"=>"true", "id"=>"8"}
  [1m[36mTodo Load (0.4ms)[0m  [1m[34mSELECT "todos".* FROM "todos" WHERE "todos"."id" = $1 LIMIT $2[0m  [["id", 8], ["LIMIT", 1]]
  ↳ app/controllers/todos_controller.rb:26:in `update'
  Rendering text template
  Rendered text template (Duration: 0.1ms | Allocations: 25)
Completed 200 OK in 7ms (Views: 0.7ms | ActiveRecord: 0.4ms | Allocations: 916)


Started PATCH "/todos/8?completed=false" for 127.0.0.1 at 2021-01-23 03:13:53 +0530
Processing by TodosController#update as */*
  Parameters: {"completed"=>"false", "id"=>"8"}
  [1m[36mTodo Load (0.4ms)[0m  [1m[34mSELECT "todos".* FROM "todos" WHERE "todos"."id" = $1 LIMIT $2[0m  [["id", 8], ["LIMIT", 1]]
  ↳ app/controllers/todos_controller.rb:26:in `update'
  [1m[36mTRANSACTION (2.9ms)[0m  [1m[35mBEGIN[0m
  ↳ app/controllers/todos_controller.rb:30:in `update'
  [1m[36mTodo Update (1.3ms)[0m  [1m[33mUPDATE "todos" SET "completed" = $1 WHERE "todos"."id" = $2[0m  [["completed", false], ["id", 8]]
  ↳ app/controllers/todos_controller.rb:30:in `update'
  [1m[36mTRANSACTION (21.4ms)[0m  [1m[35mCOMMIT[0m
  ↳ app/controllers/todos_controller.rb:30:in `update'
  Rendering text template
  Rendered text template (Duration: 0.3ms | Allocations: 25)
Completed 200 OK in 46ms (Views: 2.3ms | ActiveRecord: 26.0ms | Allocations: 2794)


Started PATCH "/todos/8?completed=false" for 127.0.0.1 at 2021-01-23 03:13:54 +0530
Processing by TodosController#update as */*
  Parameters: {"completed"=>"false", "id"=>"8"}
  [1m[36mTodo Load (1.3ms)[0m  [1m[34mSELECT "todos".* FROM "todos" WHERE "todos"."id" = $1 LIMIT $2[0m  [["id", 8], ["LIMIT", 1]]
  ↳ app/controllers/todos_controller.rb:26:in `update'
  Rendering text template
  Rendered text template (Duration: 0.1ms | Allocations: 25)
Completed 200 OK in 9ms (Views: 0.6ms | ActiveRecord: 1.3ms | Allocations: 914)


Started PATCH "/todos/8?completed=false" for 127.0.0.1 at 2021-01-23 03:16:10 +0530
Processing by TodosController#update as */*
  Parameters: {"completed"=>"false", "id"=>"8"}
  [1m[36mTodo Load (0.7ms)[0m  [1m[34mSELECT "todos".* FROM "todos" WHERE "todos"."id" = $1 LIMIT $2[0m  [["id", 8], ["LIMIT", 1]]
  ↳ app/controllers/todos_controller.rb:26:in `update'
  Rendering text template
  Rendered text template (Duration: 0.1ms | Allocations: 25)
Completed 200 OK in 46ms (Views: 17.6ms | ActiveRecord: 9.7ms | Allocations: 3413)


Started PATCH "/todos/8?completed=false" for 127.0.0.1 at 2021-01-23 03:16:11 +0530
Processing by TodosController#update as */*
  Parameters: {"completed"=>"false", "id"=>"8"}
  [1m[36mTodo Load (0.6ms)[0m  [1m[34mSELECT "todos".* FROM "todos" WHERE "todos"."id" = $1 LIMIT $2[0m  [["id", 8], ["LIMIT", 1]]
  ↳ app/controllers/todos_controller.rb:26:in `update'
  Rendering text template
  Rendered text template (Duration: 0.2ms | Allocations: 25)
Completed 200 OK in 9ms (Views: 1.2ms | ActiveRecord: 0.6ms | Allocations: 917)


Started PATCH "/todos/8?completed=false" for 127.0.0.1 at 2021-01-23 03:18:12 +0530
Processing by TodosController#update as */*
  Parameters: {"completed"=>"false", "id"=>"8"}
  [1m[36mTodo Load (0.9ms)[0m  [1m[34mSELECT "todos".* FROM "todos" WHERE "todos"."id" = $1 LIMIT $2[0m  [["id", 8], ["LIMIT", 1]]
  ↳ app/controllers/todos_controller.rb:26:in `update'
  Rendering text template
  Rendered text template (Duration: 0.5ms | Allocations: 25)
Completed 200 OK in 121ms (Views: 4.1ms | ActiveRecord: 66.3ms | Allocations: 3452)


Started PATCH "/todos/8?completed=true" for 127.0.0.1 at 2021-01-23 03:18:51 +0530
Processing by TodosController#update as */*
  Parameters: {"completed"=>"true", "id"=>"8"}
  [1m[36mTodo Load (0.9ms)[0m  [1m[34mSELECT "todos".* FROM "todos" WHERE "todos"."id" = $1 LIMIT $2[0m  [["id", 8], ["LIMIT", 1]]
  ↳ app/controllers/todos_controller.rb:26:in `update'
  [1m[36mTRANSACTION (1.0ms)[0m  [1m[35mBEGIN[0m
  ↳ app/controllers/todos_controller.rb:30:in `update'
  [1m[36mTodo Update (190.9ms)[0m  [1m[33mUPDATE "todos" SET "completed" = $1 WHERE "todos"."id" = $2[0m  [["completed", true], ["id", 8]]
  ↳ app/controllers/todos_controller.rb:30:in `update'
  [1m[36mTRANSACTION (92.8ms)[0m  [1m[35mCOMMIT[0m
  ↳ app/controllers/todos_controller.rb:30:in `update'
  Rendering text template
  Rendered text template (Duration: 0.2ms | Allocations: 25)
Completed 200 OK in 378ms (Views: 21.7ms | ActiveRecord: 291.8ms | Allocations: 5291)


Started GET "/todos/8" for 127.0.0.1 at 2021-01-23 03:18:56 +0530
Processing by TodosController#show as HTML
  Parameters: {"id"=>"8"}
  [1m[36mTodo Load (1.0ms)[0m  [1m[34mSELECT "todos".* FROM "todos" WHERE "todos"."id" = $1 LIMIT $2[0m  [["id", 8], ["LIMIT", 1]]
  ↳ app/controllers/todos_controller.rb:11:in `show'
  Rendering text template
  Rendered text template (Duration: 0.2ms | Allocations: 25)
Completed 200 OK in 68ms (Views: 1.4ms | ActiveRecord: 1.0ms | Allocations: 845)


Started PATCH "/todos/8?completed=true" for 127.0.0.1 at 2021-01-23 03:19:02 +0530
Processing by TodosController#update as */*
  Parameters: {"completed"=>"true", "id"=>"8"}
  [1m[36mTodo Load (0.5ms)[0m  [1m[34mSELECT "todos".* FROM "todos" WHERE "todos"."id" = $1 LIMIT $2[0m  [["id", 8], ["LIMIT", 1]]
  ↳ app/controllers/todos_controller.rb:26:in `update'
  Rendering text template
  Rendered text template (Duration: 0.1ms | Allocations: 25)
Completed 200 OK in 8ms (Views: 0.7ms | ActiveRecord: 0.5ms | Allocations: 916)


Started PATCH "/todos/8?completed=false" for 127.0.0.1 at 2021-01-23 03:19:08 +0530
Processing by TodosController#update as */*
  Parameters: {"completed"=>"false", "id"=>"8"}
  [1m[36mTodo Load (3.3ms)[0m  [1m[34mSELECT "todos".* FROM "todos" WHERE "todos"."id" = $1 LIMIT $2[0m  [["id", 8], ["LIMIT", 1]]
  ↳ app/controllers/todos_controller.rb:26:in `update'
  [1m[36mTRANSACTION (12.6ms)[0m  [1m[35mBEGIN[0m
  ↳ app/controllers/todos_controller.rb:30:in `update'
  [1m[36mTodo Update (25.6ms)[0m  [1m[33mUPDATE "todos" SET "completed" = $1 WHERE "todos"."id" = $2[0m  [["completed", false], ["id", 8]]
  ↳ app/controllers/todos_controller.rb:30:in `update'
  [1m[36mTRANSACTION (14.0ms)[0m  [1m[35mCOMMIT[0m
  ↳ app/controllers/todos_controller.rb:30:in `update'
  Rendering text template
  Rendered text template (Duration: 0.2ms | Allocations: 25)
Completed 200 OK in 78ms (Views: 1.1ms | ActiveRecord: 55.5ms | Allocations: 2794)


Started GET "/todos/8" for 127.0.0.1 at 2021-01-23 03:19:13 +0530
Processing by TodosController#show as HTML
  Parameters: {"id"=>"8"}
  [1m[36mTodo Load (0.4ms)[0m  [1m[34mSELECT "todos".* FROM "todos" WHERE "todos"."id" = $1 LIMIT $2[0m  [["id", 8], ["LIMIT", 1]]
  ↳ app/controllers/todos_controller.rb:11:in `show'
  Rendering text template
  Rendered text template (Duration: 0.2ms | Allocations: 25)
Completed 200 OK in 6ms (Views: 0.9ms | ActiveRecord: 0.4ms | Allocations: 841)


Started GET "/" for 127.0.0.1 at 2021-01-28 01:42:57 +0530
  [1m[35m (27.0ms)[0m  [1m[34mSELECT "schema_migrations"."version" FROM "schema_migrations" ORDER BY "schema_migrations"."version" ASC[0m
Processing by Rails::WelcomeController#index as HTML
  Rendering /home/decay/.rvm/gems/ruby-2.6.3/gems/railties-6.1.1/lib/rails/templates/rails/welcome/index.html.erb
  Rendered /home/decay/.rvm/gems/ruby-2.6.3/gems/railties-6.1.1/lib/rails/templates/rails/welcome/index.html.erb (Duration: 30.1ms | Allocations: 354)
Completed 200 OK in 142ms (Views: 34.8ms | ActiveRecord: 0.0ms | Allocations: 2623)


  [1m[35m (1.6ms)[0m  [1m[34mSELECT "schema_migrations"."version" FROM "schema_migrations" ORDER BY "schema_migrations"."version" ASC[0m
  [1m[35m (43.5ms)[0m  [1m[34mSELECT "ar_internal_metadata"."value" FROM "ar_internal_metadata" WHERE "ar_internal_metadata"."key" = $1[0m  [["key", "environment"]]
  [1m[35m (1.0ms)[0m  [1m[34mSELECT "schema_migrations"."version" FROM "schema_migrations" ORDER BY "schema_migrations"."version" ASC[0m
  [1m[35m (0.8ms)[0m  [1m[34mSELECT "ar_internal_metadata"."value" FROM "ar_internal_metadata" WHERE "ar_internal_metadata"."key" = $1[0m  [["key", "environment"]]
  [1m[35m (0.8ms)[0m  [1m[34mSELECT "schema_migrations"."version" FROM "schema_migrations" ORDER BY "schema_migrations"."version" ASC[0m
  [1m[35m (0.6ms)[0m  [1m[34mSELECT "ar_internal_metadata"."value" FROM "ar_internal_metadata" WHERE "ar_internal_metadata"."key" = $1[0m  [["key", "environment"]]
  [1m[35m (965.2ms)[0m  [1m[35mDROP DATABASE IF EXISTS "saas_db"[0m
  [1m[35m (0.3ms)[0m  [1m[35mDROP DATABASE IF EXISTS "saas_db"[0m
  [1m[35m (1251.4ms)[0m  [1m[35mCREATE DATABASE "saas_db" ENCODING = 'utf8'[0m
